0 info it worked if it ends with ok
1 verbose cli [ 'C:\\Program Files\\nodejs\\node.exe',
1 verbose cli   'C:\\Program Files\\nodejs\\node_modules\\npm\\bin\\npm-cli.js',
1 verbose cli   'run',
1 verbose cli   'sass' ]
2 info using npm@3.10.10
3 info using node@v6.10.0
4 verbose run-script [ 'presass', 'sass', 'postsass' ]
5 info lifecycle style-guideline-oldschool@1.0.0~presass: style-guideline-oldschool@1.0.0
6 silly lifecycle style-guideline-oldschool@1.0.0~presass: no script for presass, continuing
7 info lifecycle style-guideline-oldschool@1.0.0~sass: style-guideline-oldschool@1.0.0
8 verbose lifecycle style-guideline-oldschool@1.0.0~sass: unsafe-perm in lifecycle true
9 verbose lifecycle style-guideline-oldschool@1.0.0~sass: PATH: C:\Users\Tode\AppData\Roaming\nvm\v6.10.0\node_modules\npm\bin\node-gyp-bin;D:\LocalServer\style-guideline_old-school\node_modules\.bin;C:\Users\Tode\AppData\Roaming\nvm\v6.10.0\node_modules\npm\bin\node-gyp-bin;D:\LocalServer\style-guideline_old-school\node_modules\.bin;D:\Program Files\Cmder\bin;D:\Program Files\Cmder\vendor\conemu-maximus5\ConEmu\Scripts;D:\Program Files\Cmder\vendor\conemu-maximus5;D:\Program Files\Cmder\vendor\conemu-maximus5\ConEmu;C:\Program Files\ImageMagick-6.9.3-Q16;C:\ProgramData\Oracle\Java\javapath;C:\Windows\system32;C:\Windows;C:\Windows\System32\Wbem;C:\Windows\System32\WindowsPowerShell\v1.0\;C:\Program Files (x86)\NVIDIA Corporation\PhysX\Common;D:\LocalServer\wamp64\bin\php\php5.6.16;C:\Users\Tode\AppData\Roaming\nvm;C:\Program Files\nodejs;C:\Program Files\Git\cmd;C:\Users\Tode\AppData\Roaming\npm;C:\Users\Tode\AppData\Roaming\nvm;C:\Program Files\nodejs;C:\Program Files\Microsoft VS Code\bin;C:\Program Files\Heroku\bin;C:\Program Files\Git\usr\bin;C:\Program Files\Git\usr\share\vim\vim74;D:\Program Files\Cmder\
10 verbose lifecycle style-guideline-oldschool@1.0.0~sass: CWD: D:\LocalServer\style-guideline_old-school
11 silly lifecycle style-guideline-oldschool@1.0.0~sass: Args: [ '/d /s /c',
11 silly lifecycle   'node-sass --include-path scss assets/sass/main.scss assets/css/main.css --indent-width 4 --output-style expanded --indent-type space' ]
12 silly lifecycle style-guideline-oldschool@1.0.0~sass: Returned: code: 1  signal: null
13 info lifecycle style-guideline-oldschool@1.0.0~sass: Failed to exec sass script
14 verbose stack Error: style-guideline-oldschool@1.0.0 sass: `node-sass --include-path scss assets/sass/main.scss assets/css/main.css --indent-width 4 --output-style expanded --indent-type space`
14 verbose stack Exit status 1
14 verbose stack     at EventEmitter.<anonymous> (C:\Users\Tode\AppData\Roaming\nvm\v6.10.0\node_modules\npm\lib\utils\lifecycle.js:255:16)
14 verbose stack     at emitTwo (events.js:106:13)
14 verbose stack     at EventEmitter.emit (events.js:191:7)
14 verbose stack     at ChildProcess.<anonymous> (C:\Users\Tode\AppData\Roaming\nvm\v6.10.0\node_modules\npm\lib\utils\spawn.js:40:14)
14 verbose stack     at emitTwo (events.js:106:13)
14 verbose stack     at ChildProcess.emit (events.js:191:7)
14 verbose stack     at maybeClose (internal/child_process.js:877:16)
14 verbose stack     at Process.ChildProcess._handle.onexit (internal/child_process.js:226:5)
15 verbose pkgid style-guideline-oldschool@1.0.0
16 verbose cwd D:\LocalServer\style-guideline_old-school
17 error Windows_NT 6.1.7601
18 error argv "C:\\Program Files\\nodejs\\node.exe" "C:\\Program Files\\nodejs\\node_modules\\npm\\bin\\npm-cli.js" "run" "sass"
19 error node v6.10.0
20 error npm  v3.10.10
21 error code ELIFECYCLE
22 error style-guideline-oldschool@1.0.0 sass: `node-sass --include-path scss assets/sass/main.scss assets/css/main.css --indent-width 4 --output-style expanded --indent-type space`
22 error Exit status 1
23 error Failed at the style-guideline-oldschool@1.0.0 sass script 'node-sass --include-path scss assets/sass/main.scss assets/css/main.css --indent-width 4 --output-style expanded --indent-type space'.
23 error Make sure you have the latest version of node.js and npm installed.
23 error If you do, this is most likely a problem with the style-guideline-oldschool package,
23 error not with npm itself.
23 error Tell the author that this fails on your system:
23 error     node-sass --include-path scss assets/sass/main.scss assets/css/main.css --indent-width 4 --output-style expanded --indent-type space
23 error You can get information on how to open an issue for this project with:
23 error     npm bugs style-guideline-oldschool
23 error Or if that isn't available, you can get their info via:
23 error     npm owner ls style-guideline-oldschool
23 error There is likely additional logging output above.
24 verbose exit [ 1, true ]
